<?xml version="1.0" encoding="UTF-8"?>
<!-- Generated by org.testng.reporters.JUnitReportReporter -->
<testsuite skipped="0" hostname="LAPTOP-0426S8FK" name="basics.TestCase2" tests="1" failures="0" timestamp="2023-01-24T17:27:39 IST" time="6.366" errors="0">
  <testcase name="Test2" time="6.366" classname="basics.TestCase2"/>
  <system-out/>
</testsuite> <!-- basics.TestCase2 -->
