<?xml version="1.0" encoding="UTF-8"?>
<!-- Generated by org.testng.reporters.JUnitReportReporter -->
<testsuite skipped="0" hostname="LAPTOP-0426S8FK" name="basics.TestCase19" tests="1" failures="0" timestamp="2023-01-25T17:03:48 IST" time="7.948" errors="0">
  <testcase name="Test19" time="7.948" classname="basics.TestCase19"/>
  <system-out/>
</testsuite> <!-- basics.TestCase19 -->
