<?xml version="1.0" encoding="UTF-8"?>
<!-- Generated by org.testng.reporters.JUnitReportReporter -->
<testsuite skipped="0" hostname="LAPTOP-0426S8FK" name="basics.TestCase20" tests="1" failures="0" timestamp="2023-01-25T17:22:43 IST" time="6.093" errors="0">
  <testcase name="Test20" time="6.093" classname="basics.TestCase20"/>
  <system-out/>
</testsuite> <!-- basics.TestCase20 -->
