<?xml version="1.0" encoding="UTF-8"?>
<!-- Generated by org.testng.reporters.JUnitReportReporter -->
<testsuite skipped="0" hostname="LAPTOP-0426S8FK" name="basics.TestCase3" tests="1" failures="0" timestamp="2023-01-24T18:43:07 IST" time="2.283" errors="0">
  <testcase name="test3" time="2.283" classname="basics.TestCase3"/>
  <system-out/>
</testsuite> <!-- basics.TestCase3 -->
