<?xml version="1.0" encoding="UTF-8"?>
<!-- Generated by org.testng.reporters.JUnitReportReporter -->
<testsuite skipped="0" hostname="LAPTOP-0426S8FK" name="basics.TestCase15" tests="1" failures="0" timestamp="2023-01-25T16:08:38 IST" time="3.660" errors="0">
  <testcase name="Test15" time="3.660" classname="basics.TestCase15"/>
  <system-out/>
</testsuite> <!-- basics.TestCase15 -->
