<?xml version="1.0" encoding="UTF-8"?>
<!-- Generated by org.testng.reporters.JUnitReportReporter -->
<testsuite skipped="0" hostname="LAPTOP-0426S8FK" name="pomRepository.TestCase16" tests="1" failures="0" timestamp="2023-01-25T16:21:07 IST" time="0.724" errors="0">
  <testcase name="Test16" time="0.724" classname="pomRepository.TestCase16"/>
  <system-out/>
</testsuite> <!-- pomRepository.TestCase16 -->
