<?xml version="1.0" encoding="UTF-8"?>
<!-- Generated by org.testng.reporters.JUnitReportReporter -->
<testsuite skipped="0" hostname="LAPTOP-0426S8FK" name="basics.TestCase6" tests="1" failures="0" timestamp="2023-01-25T10:29:50 IST" time="0.808" errors="0">
  <testcase name="test6" time="0.808" classname="basics.TestCase6"/>
  <system-out/>
</testsuite> <!-- basics.TestCase6 -->
