<?xml version="1.0" encoding="UTF-8"?>
<!-- Generated by org.testng.reporters.JUnitReportReporter -->
<testsuite skipped="0" hostname="LAPTOP-0426S8FK" name="basics.TestCase17" tests="1" failures="0" timestamp="2023-01-25T16:37:32 IST" time="0.739" errors="0">
  <testcase name="Test17" time="0.739" classname="basics.TestCase17"/>
  <system-out/>
</testsuite> <!-- basics.TestCase17 -->
