<?xml version="1.0" encoding="UTF-8"?>
<!-- Generated by org.testng.reporters.JUnitReportReporter -->
<testsuite skipped="0" hostname="LAPTOP-0426S8FK" name="basics.TestCase8" tests="1" failures="0" timestamp="2023-01-25T10:53:53 IST" time="2.166" errors="0">
  <testcase name="Test8" time="2.166" classname="basics.TestCase8"/>
  <system-out/>
</testsuite> <!-- basics.TestCase8 -->
