<?xml version="1.0" encoding="UTF-8"?>
<!-- Generated by org.testng.reporters.JUnitReportReporter -->
<testsuite skipped="0" hostname="LAPTOP-0426S8FK" name="basics.TestCase22" tests="1" failures="0" timestamp="2023-01-25T17:50:29 IST" time="6.228" errors="0">
  <testcase name="Test22" time="6.228" classname="basics.TestCase22"/>
  <system-out/>
</testsuite> <!-- basics.TestCase22 -->
