<?xml version="1.0" encoding="UTF-8"?>
<!-- Generated by org.testng.reporters.JUnitReportReporter -->
<testsuite skipped="0" hostname="LAPTOP-0426S8FK" name="basics.TestCase14" tests="1" failures="0" timestamp="2023-01-25T15:46:41 IST" time="0.965" errors="0">
  <testcase name="Test4" time="0.965" classname="basics.TestCase14"/>
  <system-out/>
</testsuite> <!-- basics.TestCase14 -->
