<?xml version="1.0" encoding="UTF-8"?>
<!-- Generated by org.testng.reporters.JUnitReportReporter -->
<testsuite skipped="0" hostname="LAPTOP-0426S8FK" name="basics.TestCase1" tests="1" failures="0" timestamp="2023-01-24T18:45:23 IST" time="3.156" errors="0">
  <testcase name="Test1" time="3.156" classname="basics.TestCase1"/>
  <system-out/>
</testsuite> <!-- basics.TestCase1 -->
