<?xml version="1.0" encoding="UTF-8"?>
<!-- Generated by org.testng.reporters.JUnitReportReporter -->
<testsuite skipped="0" hostname="LAPTOP-0426S8FK" name="basics.TestCase21" tests="1" failures="0" timestamp="2023-01-25T17:34:59 IST" time="0.547" errors="0">
  <testcase name="Test21" time="0.547" classname="basics.TestCase21"/>
  <system-out/>
</testsuite> <!-- basics.TestCase21 -->
