<?xml version="1.0" encoding="UTF-8"?>
<!-- Generated by org.testng.reporters.JUnitReportReporter -->
<testsuite skipped="0" hostname="LAPTOP-0426S8FK" name="basics.TestCase18" tests="1" failures="0" timestamp="2023-01-25T16:46:48 IST" time="1.250" errors="0">
  <testcase name="Test18" time="1.250" classname="basics.TestCase18"/>
  <system-out/>
</testsuite> <!-- basics.TestCase18 -->
