<?xml version="1.0" encoding="UTF-8"?>
<!-- Generated by org.testng.reporters.JUnitReportReporter -->
<testsuite skipped="0" hostname="LAPTOP-0426S8FK" name="basics.TestCase25" tests="1" failures="0" timestamp="2023-01-25T18:12:00 IST" time="6.715" errors="0">
  <testcase name="Test25" time="6.715" classname="basics.TestCase25"/>
  <system-out/>
</testsuite> <!-- basics.TestCase25 -->
