<?xml version="1.0" encoding="UTF-8"?>
<!-- Generated by org.testng.reporters.JUnitReportReporter -->
<testsuite skipped="0" hostname="LAPTOP-0426S8FK" name="basics.TestCase12" tests="1" failures="0" timestamp="2023-01-25T15:11:39 IST" time="0.458" errors="0">
  <testcase name="Test12" time="0.458" classname="basics.TestCase12"/>
  <system-out/>
</testsuite> <!-- basics.TestCase12 -->
