<?xml version="1.0" encoding="UTF-8"?>
<!-- Generated by org.testng.reporters.JUnitReportReporter -->
<testsuite skipped="0" hostname="LAPTOP-0426S8FK" name="basics.TestCase11" tests="1" failures="0" timestamp="2023-01-25T14:44:20 IST" time="7.970" errors="0">
  <testcase name="Test12" time="7.970" classname="basics.TestCase11"/>
  <system-out/>
</testsuite> <!-- basics.TestCase11 -->
