<?xml version="1.0" encoding="UTF-8"?>
<!-- Generated by org.testng.reporters.JUnitReportReporter -->
<testsuite skipped="0" hostname="LAPTOP-0426S8FK" name="basics.TestCase23" tests="1" failures="0" timestamp="2023-01-25T17:54:23 IST" time="0.611" errors="0">
  <testcase name="Test" time="0.611" classname="basics.TestCase23"/>
  <system-out/>
</testsuite> <!-- basics.TestCase23 -->
