<?xml version="1.0" encoding="UTF-8"?>
<!-- Generated by org.testng.reporters.JUnitReportReporter -->
<testsuite skipped="0" hostname="LAPTOP-0426S8FK" name="basics.TestCase24" tests="1" failures="0" timestamp="2023-01-25T18:00:08 IST" time="0.732" errors="0">
  <testcase name="Test24" time="0.732" classname="basics.TestCase24"/>
  <system-out/>
</testsuite> <!-- basics.TestCase24 -->
